<?xml version="1.0" encoding="UTF-8"?>
<!-- Generated by org.testng.reporters.JUnitXMLReporter -->
<testsuite ignored="0" hostname="pradeeps-macbook.local" failures="0" tests="2" name="Default test" time="10.647" errors="0" timestamp="2025-06-30T22:05:30 IST">
  <testcase classname="Selenium_BDD_framework_Udemy_RS.Tests.ErrorValidations" name="LoginErrorValidation" time="0.912"/>
  <testcase classname="Selenium_BDD_framework_Udemy_RS.Tests.ErrorValidations" name="productErrorValidation" time="4.803"/>
</testsuite> <!-- Default test -->
