<?xml version="1.0" encoding="UTF-8"?>
<!-- Generated by org.testng.reporters.JUnitXMLReporter -->
<testsuite ignored="2" hostname="pradeeps-macbook.local" failures="0" tests="0" time="0.009" errors="0" timestamp="2025-07-01T21:32:56 IST">
  <testcase classname="Selenium_BDD_framework_Udemy_RS.Tests.ErrorValidations" name="productErrorValidation" time="0.0">
    <ignored/>
  </testcase> <!-- productErrorValidation -->
  <testcase classname="Selenium_BDD_framework_Udemy_RS.Tests.ErrorValidations" name="LoginErrorValidation" time="0.0">
    <ignored/>
  </testcase> <!-- LoginErrorValidation -->
</testsuite>
