<?xml version="1.0" encoding="UTF-8"?>
<!-- Generated by org.testng.reporters.JUnitXMLReporter -->
<testsuite ignored="0" hostname="pradeeps-macbook.local" failures="0" tests="2" name="Error Validation Test" time="11.717" errors="0" timestamp="2025-07-01T22:10:54 IST">
  <testcase classname="Selenium_BDD_framework_Udemy_RS.Tests.ErrorValidations" name="LoginErrorValidation" time="1.045"/>
  <testcase classname="Selenium_BDD_framework_Udemy_RS.Tests.ErrorValidations" name="productErrorValidation" time="4.867"/>
</testsuite> <!-- Error Validation Test -->
