<?xml version="1.0" encoding="UTF-8"?>
<!-- Generated by org.testng.reporters.JUnitXMLReporter -->
<testsuite ignored="1" hostname="pradeeps-macbook.local" failures="0" tests="2" name="Submit Order Test" time="20.538" errors="0" timestamp="2025-07-01T21:33:16 IST">
  <testcase classname="Selenium_BDD_framework_Udemy_RS.Tests.SubmitOrderTest" name="SubmitOrder" time="5.612"/>
  <testcase classname="Selenium_BDD_framework_Udemy_RS.Tests.SubmitOrderTest" name="SubmitOrder" time="5.982"/>
  <testcase classname="Selenium_BDD_framework_Udemy_RS.Tests.SubmitOrderTest" name="OrderHistoryTest" time="0.0">
    <ignored/>
  </testcase> <!-- OrderHistoryTest -->
</testsuite> <!-- Submit Order Test -->
