<?xml version="1.0" encoding="UTF-8"?>
<!-- Generated by org.testng.reporters.JUnitXMLReporter -->
<testsuite ignored="0" hostname="pradeeps-macbook.local" failures="0" tests="3" name="Submit Order Test" time="19.95" errors="0" timestamp="2025-07-01T22:10:57 IST">
  <testcase classname="Selenium_BDD_framework_Udemy_RS.Tests.SubmitOrderTest" name="SubmitOrder" time="6.301"/>
  <testcase classname="Selenium_BDD_framework_Udemy_RS.Tests.SubmitOrderTest" name="SubmitOrder" time="5.525"/>
  <testcase classname="Selenium_BDD_framework_Udemy_RS.Tests.SubmitOrderTest" name="OrderHistoryTest" time="0.618"/>
</testsuite> <!-- Submit Order Test -->
