<?xml version="1.0" encoding="UTF-8"?>
<testsuite xmlns:xsi="http://www.w3.org/2001/XMLSchema-instance" xsi:noNamespaceSchemaLocation="https://maven.apache.org/surefire/maven-surefire-plugin/xsd/surefire-test-report.xsd" version="3.0.2" name="TestSuite" time="20.435" tests="5" errors="0" skipped="0" failures="0">
  <properties>
[...]
</properties>
  <testcase name="LoginErrorValidation" classname="Selenium_BDD_framework_Udemy_RS.Tests.ErrorValidations" time="1.048">
    <system-out><![CDATA[Test suite started.
Test suite started.
Test started: SubmitOrder
Test started: LoginErrorValidation
]]></system-out>
    <system-err><![CDATA[Jul 01, 2025 10:10:39 PM org.openqa.selenium.devtools.CdpVersionFinder findNearestMatch
WARNING: Unable to find CDP implementation matching 138
Jul 01, 2025 10:10:39 PM org.openqa.selenium.devtools.CdpVersionFinder findNearestMatch
WARNING: Unable to find CDP implementation matching 138
Jul 01, 2025 10:10:39 PM org.openqa.selenium.chromium.ChromiumDriver lambda$new$5
WARNING: Unable to find version of CDP to use for 138.0.7204.51. You may need to include a dependency on a specific version of the CDP using something similar to `org.seleniumhq.selenium:selenium-devtools-v86:4.27.0` where the version ("v86") matches the version of the chromium-based browser you're using and the version number of the artifact is the same as Selenium's.
Jul 01, 2025 10:10:39 PM org.openqa.selenium.chromium.ChromiumDriver lambda$new$5
WARNING: Unable to find version of CDP to use for 138.0.7204.51. You may need to include a dependency on a specific version of the CDP using something similar to `org.seleniumhq.selenium:selenium-devtools-v86:4.27.0` where the version ("v86") matches the version of the chromium-based browser you're using and the version number of the artifact is the same as Selenium's.
]]></system-err>
  </testcase>
  <testcase name="productErrorValidation" classname="Selenium_BDD_framework_Udemy_RS.Tests.ErrorValidations" time="0.203">
    <system-out><![CDATA[Test passed: SubmitOrder
Test started: SubmitOrder
]]></system-out>
    <system-err><![CDATA[Jul 01, 2025 10:10:48 PM org.openqa.selenium.devtools.CdpVersionFinder findNearestMatch
WARNING: Unable to find CDP implementation matching 138
Jul 01, 2025 10:10:48 PM org.openqa.selenium.chromium.ChromiumDriver lambda$new$5
WARNING: Unable to find version of CDP to use for 138.0.7204.51. You may need to include a dependency on a specific version of the CDP using something similar to `org.seleniumhq.selenium:selenium-devtools-v86:4.27.0` where the version ("v86") matches the version of the chromium-based browser you're using and the version number of the artifact is the same as Selenium's.
]]></system-err>
  </testcase>
  <testcase name="SubmitOrder[{password=ankit123, item=ADIDAS ORIGINAL, emailId=ankit.solanki@appfoster.com}](1)" classname="Selenium_BDD_framework_Udemy_RS.Tests.SubmitOrderTest" time="2.358">
    <system-out><![CDATA[Test passed: LoginErrorValidation
Test started: productErrorValidation
]]></system-out>
    <system-err><![CDATA[Jul 01, 2025 10:10:43 PM org.openqa.selenium.devtools.CdpVersionFinder findNearestMatch
WARNING: Unable to find CDP implementation matching 138
Jul 01, 2025 10:10:43 PM org.openqa.selenium.chromium.ChromiumDriver lambda$new$5
WARNING: Unable to find version of CDP to use for 138.0.7204.51. You may need to include a dependency on a specific version of the CDP using something similar to `org.seleniumhq.selenium:selenium-devtools-v86:4.27.0` where the version ("v86") matches the version of the chromium-based browser you're using and the version number of the artifact is the same as Selenium's.
]]></system-err>
  </testcase>
  <testcase name="SubmitOrder[{password=Ankit@123, item=ZARA COAT 3, emailId=solankiankit786@gmail.com}](2)" classname="Selenium_BDD_framework_Udemy_RS.Tests.SubmitOrderTest" time="5.527">
    <system-out><![CDATA[Test passed: productErrorValidation
Test suite finished.
]]></system-out>
  </testcase>
  <testcase name="OrderHistoryTest" classname="Selenium_BDD_framework_Udemy_RS.Tests.SubmitOrderTest" time="0.618">
    <system-out><![CDATA[Test passed: SubmitOrder
Test started: OrderHistoryTest
]]></system-out>
    <system-err><![CDATA[Jul 01, 2025 10:10:55 PM org.openqa.selenium.devtools.CdpVersionFinder findNearestMatch
WARNING: Unable to find CDP implementation matching 138
Jul 01, 2025 10:10:55 PM org.openqa.selenium.chromium.ChromiumDriver lambda$new$5
WARNING: Unable to find version of CDP to use for 138.0.7204.51. You may need to include a dependency on a specific version of the CDP using something similar to `org.seleniumhq.selenium:selenium-devtools-v86:4.27.0` where the version ("v86") matches the version of the chromium-based browser you're using and the version number of the artifact is the same as Selenium's.
]]></system-err>
  </testcase>
</testsuite>