<?xml version="1.0" encoding="UTF-8"?>
<testng-results ignored="3" total="5" passed="2" failed="0" skipped="0">
  <reporter-output>
  </reporter-output>
  <suite started-at="2025-07-01T21:32:51 IST" name="Suite" finished-at="2025-07-01T21:33:11 IST" duration-ms="20538">
    <groups>
      <group name="Purchase">
        <method signature="SubmitOrderTest.SubmitOrder(java.util.HashMap)[pri:0, instance:Selenium_BDD_framework_Udemy_RS.Tests.SubmitOrderTest@1f97cf0d]" name="SubmitOrder" class="Selenium_BDD_framework_Udemy_RS.Tests.SubmitOrderTest"/>
      </group> <!-- Purchase -->
    </groups>
    <test started-at="2025-07-01T21:32:51 IST" name="Error Validation Test" finished-at="2025-07-01T21:32:51 IST" duration-ms="9">
    </test> <!-- Error Validation Test -->
    <test started-at="2025-07-01T21:32:51 IST" name="Submit Order Test" finished-at="2025-07-01T21:33:11 IST" duration-ms="20538">
      <class name="Selenium_BDD_framework_Udemy_RS.Tests.SubmitOrderTest">
        <test-method is-config="true" signature="launchApp()[pri:0, instance:Selenium_BDD_framework_Udemy_RS.Tests.SubmitOrderTest@1f97cf0d]" started-at="2025-07-01T21:32:51 IST" name="launchApp" finished-at="2025-07-01T21:32:56 IST" duration-ms="5469" status="PASS">
          <reporter-output>
          </reporter-output>
        </test-method> <!-- launchApp -->
        <test-method signature="SubmitOrder(java.util.HashMap)[pri:0, instance:Selenium_BDD_framework_Udemy_RS.Tests.SubmitOrderTest@1f97cf0d]" started-at="2025-07-01T21:32:56 IST" name="SubmitOrder" data-provider="getData" finished-at="2025-07-01T21:33:02 IST" duration-ms="5612" status="PASS">
          <params>
            <param index="0">
              <value>
                <![CDATA[{password=ankit123, item=ADIDAS ORIGINAL, emailId=ankit.solanki@appfoster.com}]]>
              </value>
            </param>
          </params>
          <reporter-output>
          </reporter-output>
        </test-method> <!-- SubmitOrder -->
        <test-method is-config="true" signature="tearDown()[pri:0, instance:Selenium_BDD_framework_Udemy_RS.Tests.SubmitOrderTest@1f97cf0d]" started-at="2025-07-01T21:33:02 IST" name="tearDown" finished-at="2025-07-01T21:33:02 IST" duration-ms="105" status="PASS">
          <reporter-output>
          </reporter-output>
        </test-method> <!-- tearDown -->
        <test-method is-config="true" signature="launchApp()[pri:0, instance:Selenium_BDD_framework_Udemy_RS.Tests.SubmitOrderTest@1f97cf0d]" started-at="2025-07-01T21:33:02 IST" name="launchApp" finished-at="2025-07-01T21:33:05 IST" duration-ms="3071" status="PASS">
          <reporter-output>
          </reporter-output>
        </test-method> <!-- launchApp -->
        <test-method signature="SubmitOrder(java.util.HashMap)[pri:0, instance:Selenium_BDD_framework_Udemy_RS.Tests.SubmitOrderTest@1f97cf0d]" started-at="2025-07-01T21:33:05 IST" name="SubmitOrder" data-provider="getData" finished-at="2025-07-01T21:33:11 IST" duration-ms="5982" status="PASS">
          <params>
            <param index="0">
              <value>
                <![CDATA[{password=Ankit@123, item=ZARA COAT 3, emailId=solankiankit786@gmail.com}]]>
              </value>
            </param>
          </params>
          <reporter-output>
          </reporter-output>
        </test-method> <!-- SubmitOrder -->
        <test-method is-config="true" signature="tearDown()[pri:0, instance:Selenium_BDD_framework_Udemy_RS.Tests.SubmitOrderTest@1f97cf0d]" started-at="2025-07-01T21:33:11 IST" name="tearDown" finished-at="2025-07-01T21:33:11 IST" duration-ms="96" status="PASS">
          <reporter-output>
          </reporter-output>
        </test-method> <!-- tearDown -->
      </class> <!-- Selenium_BDD_framework_Udemy_RS.Tests.SubmitOrderTest -->
    </test> <!-- Submit Order Test -->
  </suite> <!-- Suite -->
</testng-results>
