<?xml version="1.0" encoding="UTF-8"?>
<testng-results ignored="0" total="5" passed="5" failed="0" skipped="0">
  <reporter-output>
  </reporter-output>
  <suite started-at="2025-07-01T22:10:37 IST" name="Suite" finished-at="2025-07-01T22:10:57 IST" duration-ms="19950">
    <groups>
      <group name="Purchase">
        <method signature="SubmitOrderTest.SubmitOrder(java.util.HashMap)[pri:0, instance:Selenium_BDD_framework_Udemy_RS.Tests.SubmitOrderTest@4816278d]" name="SubmitOrder" class="Selenium_BDD_framework_Udemy_RS.Tests.SubmitOrderTest"/>
      </group> <!-- Purchase -->
      <group name="Regression">
        <method signature="ErrorValidations.LoginErrorValidation()[pri:0, instance:Selenium_BDD_framework_Udemy_RS.Tests.ErrorValidations@1e44b638]" name="LoginErrorValidation" class="Selenium_BDD_framework_Udemy_RS.Tests.ErrorValidations"/>
      </group> <!-- Regression -->
    </groups>
    <test started-at="2025-07-01T22:10:37 IST" name="Error Validation Test" finished-at="2025-07-01T22:10:49 IST" duration-ms="11717">
      <class name="Selenium_BDD_framework_Udemy_RS.Tests.ErrorValidations">
        <test-method is-config="true" signature="launchApp()[pri:0, instance:Selenium_BDD_framework_Udemy_RS.Tests.ErrorValidations@1e44b638]" started-at="2025-07-01T22:10:37 IST" name="launchApp" finished-at="2025-07-01T22:10:41 IST" duration-ms="3358" status="PASS">
          <reporter-output>
          </reporter-output>
        </test-method> <!-- launchApp -->
        <test-method signature="LoginErrorValidation()[pri:0, instance:Selenium_BDD_framework_Udemy_RS.Tests.ErrorValidations@1e44b638]" started-at="2025-07-01T22:10:41 IST" name="LoginErrorValidation" finished-at="2025-07-01T22:10:42 IST" duration-ms="1045" status="PASS">
          <reporter-output>
          </reporter-output>
        </test-method> <!-- LoginErrorValidation -->
        <test-method is-config="true" signature="tearDown()[pri:0, instance:Selenium_BDD_framework_Udemy_RS.Tests.ErrorValidations@1e44b638]" started-at="2025-07-01T22:10:42 IST" name="tearDown" finished-at="2025-07-01T22:10:42 IST" duration-ms="101" status="PASS">
          <reporter-output>
          </reporter-output>
        </test-method> <!-- tearDown -->
        <test-method is-config="true" signature="launchApp()[pri:0, instance:Selenium_BDD_framework_Udemy_RS.Tests.ErrorValidations@1e44b638]" started-at="2025-07-01T22:10:42 IST" name="launchApp" finished-at="2025-07-01T22:10:44 IST" duration-ms="2205" status="PASS">
          <reporter-output>
          </reporter-output>
        </test-method> <!-- launchApp -->
        <test-method signature="productErrorValidation()[pri:0, instance:Selenium_BDD_framework_Udemy_RS.Tests.ErrorValidations@1e44b638]" started-at="2025-07-01T22:10:44 IST" name="productErrorValidation" finished-at="2025-07-01T22:10:49 IST" duration-ms="4867" status="PASS">
          <reporter-output>
          </reporter-output>
        </test-method> <!-- productErrorValidation -->
        <test-method is-config="true" signature="tearDown()[pri:0, instance:Selenium_BDD_framework_Udemy_RS.Tests.ErrorValidations@1e44b638]" started-at="2025-07-01T22:10:49 IST" name="tearDown" finished-at="2025-07-01T22:10:49 IST" duration-ms="111" status="PASS">
          <reporter-output>
          </reporter-output>
        </test-method> <!-- tearDown -->
      </class> <!-- Selenium_BDD_framework_Udemy_RS.Tests.ErrorValidations -->
    </test> <!-- Error Validation Test -->
    <test started-at="2025-07-01T22:10:37 IST" name="Submit Order Test" finished-at="2025-07-01T22:10:57 IST" duration-ms="19950">
      <class name="Selenium_BDD_framework_Udemy_RS.Tests.SubmitOrderTest">
        <test-method is-config="true" signature="launchApp()[pri:0, instance:Selenium_BDD_framework_Udemy_RS.Tests.SubmitOrderTest@4816278d]" started-at="2025-07-01T22:10:37 IST" name="launchApp" finished-at="2025-07-01T22:10:40 IST" duration-ms="2600" status="PASS">
          <reporter-output>
          </reporter-output>
        </test-method> <!-- launchApp -->
        <test-method signature="SubmitOrder(java.util.HashMap)[pri:0, instance:Selenium_BDD_framework_Udemy_RS.Tests.SubmitOrderTest@4816278d]" started-at="2025-07-01T22:10:40 IST" name="SubmitOrder" data-provider="getData" finished-at="2025-07-01T22:10:46 IST" duration-ms="6301" status="PASS">
          <params>
            <param index="0">
              <value>
                <![CDATA[{password=ankit123, item=ADIDAS ORIGINAL, emailId=ankit.solanki@appfoster.com}]]>
              </value>
            </param>
          </params>
          <reporter-output>
          </reporter-output>
        </test-method> <!-- SubmitOrder -->
        <test-method is-config="true" signature="tearDown()[pri:0, instance:Selenium_BDD_framework_Udemy_RS.Tests.SubmitOrderTest@4816278d]" started-at="2025-07-01T22:10:46 IST" name="tearDown" finished-at="2025-07-01T22:10:46 IST" duration-ms="105" status="PASS">
          <reporter-output>
          </reporter-output>
        </test-method> <!-- tearDown -->
        <test-method is-config="true" signature="launchApp()[pri:0, instance:Selenium_BDD_framework_Udemy_RS.Tests.SubmitOrderTest@4816278d]" started-at="2025-07-01T22:10:46 IST" name="launchApp" finished-at="2025-07-01T22:10:49 IST" duration-ms="2200" status="PASS">
          <reporter-output>
          </reporter-output>
        </test-method> <!-- launchApp -->
        <test-method signature="SubmitOrder(java.util.HashMap)[pri:0, instance:Selenium_BDD_framework_Udemy_RS.Tests.SubmitOrderTest@4816278d]" started-at="2025-07-01T22:10:49 IST" name="SubmitOrder" data-provider="getData" finished-at="2025-07-01T22:10:54 IST" duration-ms="5525" status="PASS">
          <params>
            <param index="0">
              <value>
                <![CDATA[{password=Ankit@123, item=ZARA COAT 3, emailId=solankiankit786@gmail.com}]]>
              </value>
            </param>
          </params>
          <reporter-output>
          </reporter-output>
        </test-method> <!-- SubmitOrder -->
        <test-method is-config="true" signature="tearDown()[pri:0, instance:Selenium_BDD_framework_Udemy_RS.Tests.SubmitOrderTest@4816278d]" started-at="2025-07-01T22:10:54 IST" name="tearDown" finished-at="2025-07-01T22:10:54 IST" duration-ms="109" status="PASS">
          <reporter-output>
          </reporter-output>
        </test-method> <!-- tearDown -->
        <test-method is-config="true" signature="launchApp()[pri:0, instance:Selenium_BDD_framework_Udemy_RS.Tests.SubmitOrderTest@4816278d]" started-at="2025-07-01T22:10:54 IST" name="launchApp" finished-at="2025-07-01T22:10:56 IST" duration-ms="2200" status="PASS">
          <reporter-output>
          </reporter-output>
        </test-method> <!-- launchApp -->
        <test-method signature="OrderHistoryTest()[pri:0, instance:Selenium_BDD_framework_Udemy_RS.Tests.SubmitOrderTest@4816278d]" started-at="2025-07-01T22:10:56 IST" name="OrderHistoryTest" finished-at="2025-07-01T22:10:57 IST" depends-on-methods="Selenium_BDD_framework_Udemy_RS.Tests.SubmitOrderTest.SubmitOrder" duration-ms="618" status="PASS">
          <reporter-output>
          </reporter-output>
        </test-method> <!-- OrderHistoryTest -->
        <test-method is-config="true" signature="tearDown()[pri:0, instance:Selenium_BDD_framework_Udemy_RS.Tests.SubmitOrderTest@4816278d]" started-at="2025-07-01T22:10:57 IST" name="tearDown" finished-at="2025-07-01T22:10:57 IST" duration-ms="93" status="PASS">
          <reporter-output>
          </reporter-output>
        </test-method> <!-- tearDown -->
      </class> <!-- Selenium_BDD_framework_Udemy_RS.Tests.SubmitOrderTest -->
    </test> <!-- Submit Order Test -->
  </suite> <!-- Suite -->
</testng-results>
